
C:\X-Label\Agent>cd C:\X-Label\Agent\lib

C:\X-Label\Agent\lib>java -jar elidom-agent.jar

  .   ____          _            __ _ _
 /\\ / ___'_ __ _ _(_)_ __  __ _ \ \ \ \
( ( )\___ | '_ | '_| | '_ \/ _` | \ \ \ \
 \\/  ___)| |_)| | | | | || (_| |  ) ) ) )
  '  |____| .__|_| |_|_| |_\__, | / / / /
 =========|_|==============|___/=/_/_/_/
 :: Spring Boot ::        (v1.4.4.RELEASE)

2019-06-05 11:49:41.663  INFO 15576 --- [           main] xyz.elidom.agent.ElidomAgentApplication  : Starting ElidomAgentApplication v1.4.4 on DESKTOP-88NRI2M with PID 15576 (C:\X-Label\Agent\lib\elidom-agent.jar started by 27681 in C:\X-Label\Agent\lib)
2019-06-05 11:49:41.685 DEBUG 15576 --- [           main] xyz.elidom.agent.ElidomAgentApplication  : Running with Spring Boot v1.4.4.RELEASE, Spring v4.3.6.RELEASE
2019-06-05 11:49:41.696  INFO 15576 --- [           main] xyz.elidom.agent.ElidomAgentApplication  : No active profile set, falling back to default profiles: default
2019-06-05 11:49:41.974  INFO 15576 --- [           main] ationConfigEmbeddedWebApplicationContext : Refreshing org.springframework.boot.context.embedded.AnnotationConfigEmbeddedWebApplicationContext@4926097b: startup date [Wed Jun 05 11:49:41 CST 2019]; root of context hierarchy
2019-06-05 11:49:44.077  INFO 15576 --- [           main] o.s.core.annotation.AnnotationUtils      : Failed to introspect annotations on [class org.springframework.boot.actuate.autoconfigure.EndpointWebMvcHypermediaManagementContextConfiguration]: java.lang.ArrayStoreException: sun.reflect.annotation.TypeNotPresentExceptionProxy
2019-06-05 11:49:44.079  INFO 15576 --- [           main] o.s.core.annotation.AnnotationUtils      : Failed to introspect annotations on [class org.springframework.boot.actuate.autoconfigure.EndpointWebMvcHypermediaManagementContextConfiguration]: java.lang.ArrayStoreException: sun.reflect.annotation.TypeNotPresentExceptionProxy
2019-06-05 11:49:45.451  INFO 15576 --- [           main] o.s.b.f.s.DefaultListableBeanFactory     : Overriding bean definition for bean 'ignoredPathsWebSecurityConfigurerAdapter' with a different definition: replacing [Root bean: class [null]; scope=; abstract=false; lazyInit=false; autowireMode=3; dependencyCheck=0; autowireCandidate=true; primary=false; factoryBeanName=org.springframework.boot.autoconfigure.security.SpringBootWebSecurityConfiguration; factoryMethodName=ignoredPathsWebSecurityConfigurerAdapter; initMethodName=null; destroyMethodName=(inferred); defined in class path resource [org/springframework/boot/autoconfigure/security/SpringBootWebSecurityConfiguration.class]] with [Root bean: class [null]; scope=; abstract=false; lazyInit=false; autowireMode=3; dependencyCheck=0; autowireCandidate=true; primary=false; factoryBeanName=org.springframework.boot.actuate.autoconfigure.ManagementWebSecurityAutoConfiguration; factoryMethodName=ignoredPathsWebSecurityConfigurerAdapter; initMethodName=null; destroyMethodName=(inferred); defined in class path resource [org/springframework/boot/actuate/autoconfigure/ManagementWebSecurityAutoConfiguration.class]]
2019-06-05 11:49:47.187  INFO 15576 --- [           main] trationDelegate$BeanPostProcessorChecker : Bean 'org.springframework.transaction.annotation.ProxyTransactionManagementConfiguration' of type [class org.springframework.transaction.annotation.ProxyTransactionManagementConfiguration$$EnhancerBySpringCGLIB$$b5adc3a4] is not eligible for getting processed by all BeanPostProcessors (for example: not eligible for auto-proxying)
2019-06-05 11:49:48.565  INFO 15576 --- [           main] s.b.c.e.t.TomcatEmbeddedServletContainer : Tomcat initialized with port(s): 9010 (http)
2019-06-05 11:49:48.590  INFO 15576 --- [           main] o.apache.catalina.core.StandardService   : Starting service Tomcat
2019-06-05 11:49:48.597  INFO 15576 --- [           main] org.apache.catalina.core.StandardEngine  : Starting Servlet Engine: Apache Tomcat/8.5.11
2019-06-05 11:49:48.804  INFO 15576 --- [ost-startStop-1] o.a.c.c.C.[Tomcat].[localhost].[/]       : Initializing Spring embedded WebApplicationContext
2019-06-05 11:49:48.812  INFO 15576 --- [ost-startStop-1] o.s.web.context.ContextLoader            : Root WebApplicationContext: initialization completed in 6832 ms
2019-06-05 11:49:49.284  INFO 15576 --- [ost-startStop-1] o.s.b.w.servlet.FilterRegistrationBean   : Mapping filter: 'metricsFilter' to: [/*]
2019-06-05 11:49:49.286  INFO 15576 --- [ost-startStop-1] o.s.b.w.servlet.FilterRegistrationBean   : Mapping filter: 'characterEncodingFilter' to: [/*]
2019-06-05 11:49:49.287  INFO 15576 --- [ost-startStop-1] o.s.b.w.servlet.FilterRegistrationBean   : Mapping filter: 'hiddenHttpMethodFilter' to: [/*]
2019-06-05 11:49:49.289  INFO 15576 --- [ost-startStop-1] o.s.b.w.servlet.FilterRegistrationBean   : Mapping filter: 'httpPutFormContentFilter' to: [/*]
2019-06-05 11:49:49.290  INFO 15576 --- [ost-startStop-1] o.s.b.w.servlet.FilterRegistrationBean   : Mapping filter: 'requestContextFilter' to: [/*]
2019-06-05 11:49:49.296  INFO 15576 --- [ost-startStop-1] .s.DelegatingFilterProxyRegistrationBean : Mapping filter: 'springSecurityFilterChain' to: [/*]
2019-06-05 11:49:49.298  INFO 15576 --- [ost-startStop-1] o.s.b.w.servlet.FilterRegistrationBean   : Mapping filter: 'webRequestLoggingFilter' to: [/*]
2019-06-05 11:49:49.299  INFO 15576 --- [ost-startStop-1] o.s.b.w.servlet.FilterRegistrationBean   : Mapping filter: 'simpleCORSFilter' to: [/*]
2019-06-05 11:49:49.302  INFO 15576 --- [ost-startStop-1] o.s.b.w.servlet.FilterRegistrationBean   : Mapping filter: 'applicationContextIdFilter' to: [/*]
2019-06-05 11:49:49.303  INFO 15576 --- [ost-startStop-1] o.s.b.w.servlet.ServletRegistrationBean  : Mapping servlet: 'webServlet' to [/console/*]
2019-06-05 11:49:49.307  INFO 15576 --- [ost-startStop-1] o.s.b.w.servlet.ServletRegistrationBean  : Mapping servlet: 'dispatcherServlet' to [/]
2019-06-05 11:49:49.724  INFO 15576 --- [           main] j.LocalContainerEntityManagerFactoryBean : Building JPA container EntityManagerFactory for persistence unit 'default'
2019-06-05 11:49:49.764  INFO 15576 --- [           main] o.hibernate.jpa.internal.util.LogHelper  : HHH000204: Processing PersistenceUnitInfo [
        name: default
        ...]
2019-06-05 11:49:49.954  INFO 15576 --- [           main] org.hibernate.Version                    : HHH000412: Hibernate Core {5.0.11.Final}
2019-06-05 11:49:49.957  INFO 15576 --- [           main] org.hibernate.cfg.Environment            : HHH000206: hibernate.properties not found
2019-06-05 11:49:49.960  INFO 15576 --- [           main] org.hibernate.cfg.Environment            : HHH000021: Bytecode provider name : javassist
2019-06-05 11:49:50.062  INFO 15576 --- [           main] o.hibernate.annotations.common.Version   : HCANN000001: Hibernate Commons Annotations {5.0.1.Final}
2019-06-05 11:49:51.098  INFO 15576 --- [           main] org.hibernate.dialect.Dialect            : HHH000400: Using dialect: org.hibernate.dialect.H2Dialect
2019-06-05 11:49:52.132  INFO 15576 --- [           main] j.LocalContainerEntityManagerFactoryBean : Initialized JPA EntityManagerFactory for persistence unit 'default'
2019-06-05 11:49:52.871  INFO 15576 --- [           main] o.s.s.c.ThreadPoolTaskScheduler          : Initializing ExecutorService  'defaultSockJsTaskScheduler'
2019-06-05 11:49:52.897  WARN 15576 --- [           main] o.s.w.s.s.s.WebSocketHandlerMapping      : Neither 'urlMap' nor 'mappings' set on SimpleUrlHandlerMapping
2019-06-05 11:49:52.909  INFO 15576 --- [           main] o.s.s.c.ThreadPoolTaskScheduler          : Initializing ExecutorService  'taskScheduler'
2019-06-05 11:49:53.432  INFO 15576 --- [           main] s.w.s.m.m.a.RequestMappingHandlerAdapter : Looking for @ControllerAdvice: org.springframework.boot.context.embedded.AnnotationConfigEmbeddedWebApplicationContext@4926097b: startup date [Wed Jun 05 11:49:41 CST 2019]; root of context hierarchy
2019-06-05 11:49:53.651  INFO 15576 --- [           main] o.s.w.s.handler.SimpleUrlHandlerMapping  : Mapped URL path [/webjars/**] onto handler of type [class org.springframework.web.servlet.resource.ResourceHttpRequestHandler]
2019-06-05 11:49:53.653  INFO 15576 --- [           main] o.s.w.s.handler.SimpleUrlHandlerMapping  : Mapped URL path [/**] onto handler of type [class org.springframework.web.servlet.resource.ResourceHttpRequestHandler]
2019-06-05 11:49:53.759  INFO 15576 --- [           main] o.s.w.s.handler.SimpleUrlHandlerMapping  : Mapped URL path [/**/favicon.ico] onto handler of type [class org.springframework.web.servlet.resource.ResourceHttpRequestHandler]
2019-06-05 11:49:53.811  INFO 15576 --- [           main] oConfiguration$WelcomePageHandlerMapping : Adding welcome page: class path resource [static/index.html]
2019-06-05 11:49:54.210  INFO 15576 --- [           main] o.s.s.web.DefaultSecurityFilterChain     : Creating filter chain: OrRequestMatcher [requestMatchers=[Ant [pattern='/css/**'], Ant [pattern='/js/**'], Ant [pattern='/images/**'], Ant [pattern='/webjars/**'], Ant [pattern='/**/favicon.ico'], Ant [pattern='/error'], org.springframework.boot.actuate.autoconfigure.ManagementWebSecurityAutoConfiguration$LazyEndpointPathRequestMatcher@1e0f9063]], []
2019-06-05 11:49:54.299  INFO 15576 --- [           main] o.s.s.web.DefaultSecurityFilterChain     : Creating filter chain: org.springframework.boot.autoconfigure.security.SpringBootWebSecurityConfiguration$ApplicationNoWebSecurityConfigurerAdapter$1@5d8bafa9, [org.springframework.security.web.context.request.async.WebAsyncManagerIntegrationFilter@576f63f6, org.springframework.security.web.context.SecurityContextPersistenceFilter@5fe1ce85, org.springframework.security.web.header.HeaderWriterFilter@758705fa, org.springframework.security.web.csrf.CsrfFilter@7d64e326, org.springframework.security.web.authentication.logout.LogoutFilter@52851b44, org.springframework.security.web.savedrequest.RequestCacheAwareFilter@37091312, org.springframework.security.web.servletapi.SecurityContextHolderAwareRequestFilter@57abad67, org.springframework.security.web.authentication.AnonymousAuthenticationFilter@2dca0d64, org.springframework.security.web.session.SessionManagementFilter@906d29b, org.springframework.security.web.access.ExceptionTranslationFilter@32193bea]
2019-06-05 11:49:55.164  INFO 15576 --- [           main] o.s.w.s.s.s.ServerEndpointExporter       : Registering @ServerEndpoint class: class xyz.elidom.agent.websocket.adapter.LabelPrintAdapter
2019-06-05 11:49:55.192  INFO 15576 --- [           main] o.s.w.s.s.s.ServerEndpointExporter       : Registering @ServerEndpoint class: class xyz.elidom.agent.websocket.adapter.LabelPrinterAdapter
2019-06-05 11:49:55.195  INFO 15576 --- [           main] o.s.j.e.a.AnnotationMBeanExporter        : Registering beans for JMX exposure on startup
2019-06-05 11:49:55.212  INFO 15576 --- [           main] o.s.c.support.DefaultLifecycleProcessor  : Starting beans in phase 0
2019-06-05 11:49:55.302  INFO 15576 --- [           main] o.s.c.support.DefaultLifecycleProcessor  : Starting beans in phase 2147483647
2019-06-05 11:49:55.452  INFO 15576 --- [           main] s.b.c.e.t.TomcatEmbeddedServletContainer : Tomcat started on port(s): 9010 (http)
2019-06-05 11:49:55.470  INFO 15576 --- [           main] xyz.elidom.agent.ElidomAgentApplication  : Started ElidomAgentApplication in 14.888 seconds (JVM running for 15.776)
2019-06-05 11:49:55.602  INFO 15576 --- [taskScheduler-1] o.h.h.i.QueryTranslatorFactoryInitiator  : HHH000397: Using ASTQueryTranslatorFactory
2019-06-05 11:49:57.108 ERROR 15576 --- [taskScheduler-1] o.s.w.socket.sockjs.client.SockJsClient  : Initial SockJS "Info" request to server failed, url=http://xlabel.qhweixun.com:9002/elidom/stomp

org.springframework.web.client.ResourceAccessException: I/O error on GET request for "http://xlabel.qhweixun.com:9002/elidom/stomp/info": xlabel.qhweixun.com; nested exception is java.net.UnknownHostException: xlabel.qhweixun.com
        at org.springframework.web.client.RestTemplate.doExecute(RestTemplate.java:666)
        at org.springframework.web.client.RestTemplate.execute(RestTemplate.java:628)
        at org.springframework.web.socket.sockjs.client.RestTemplateXhrTransport.executeInfoRequestInternal(RestTemplateXhrTransport.java:138)
        at org.springframework.web.socket.sockjs.client.AbstractXhrTransport.executeInfoRequest(AbstractXhrTransport.java:153)
        at org.springframework.web.socket.sockjs.client.SockJsClient.getServerInfo(SockJsClient.java:286)
        at org.springframework.web.socket.sockjs.client.SockJsClient.doHandshake(SockJsClient.java:254)
        at org.springframework.web.socket.messaging.WebSocketStompClient.connect(WebSocketStompClient.java:274)
        at org.springframework.web.socket.messaging.WebSocketStompClient.connect(WebSocketStompClient.java:255)
        at org.springframework.web.socket.messaging.WebSocketStompClient.connect(WebSocketStompClient.java:235)
        at org.springframework.web.socket.messaging.WebSocketStompClient.connect(WebSocketStompClient.java:219)
        at xyz.elidom.agent.system.StompConnection.connect(StompConnection.java:136)
        at xyz.elidom.agent.system.StompConnection.connect(StompConnection.java:120)
        at xyz.elidom.agent.task.SendPrintInfoTask.connect(SendPrintInfoTask.java:102)
        at xyz.elidom.agent.task.SendPrintInfoTask.sendPrintInfo(SendPrintInfoTask.java:62)
        at sun.reflect.NativeMethodAccessorImpl.invoke0(Native Method)
        at sun.reflect.NativeMethodAccessorImpl.invoke(NativeMethodAccessorImpl.java:62)
        at sun.reflect.DelegatingMethodAccessorImpl.invoke(DelegatingMethodAccessorImpl.java:43)
        at java.lang.reflect.Method.invoke(Method.java:498)
        at org.springframework.scheduling.support.ScheduledMethodRunnable.run(ScheduledMethodRunnable.java:65)
        at org.springframework.scheduling.support.DelegatingErrorHandlingRunnable.run(DelegatingErrorHandlingRunnable.java:54)
        at java.util.concurrent.Executors$RunnableAdapter.call(Executors.java:511)
        at java.util.concurrent.FutureTask.runAndReset(FutureTask.java:308)
        at java.util.concurrent.ScheduledThreadPoolExecutor$ScheduledFutureTask.access$301(ScheduledThreadPoolExecutor.java:180)
        at java.util.concurrent.ScheduledThreadPoolExecutor$ScheduledFutureTask.run(ScheduledThreadPoolExecutor.java:294)
        at java.util.concurrent.ThreadPoolExecutor.runWorker(ThreadPoolExecutor.java:1142)
        at java.util.concurrent.ThreadPoolExecutor$Worker.run(ThreadPoolExecutor.java:617)
        at java.lang.Thread.run(Thread.java:748)
Caused by: java.net.UnknownHostException: xlabel.qhweixun.com
        at java.net.AbstractPlainSocketImpl.connect(AbstractPlainSocketImpl.java:184)
        at java.net.PlainSocketImpl.connect(PlainSocketImpl.java:172)
        at java.net.SocksSocketImpl.connect(SocksSocketImpl.java:392)
        at java.net.Socket.connect(Socket.java:589)
        at java.net.Socket.connect(Socket.java:538)
        at sun.net.NetworkClient.doConnect(NetworkClient.java:180)
        at sun.net.www.http.HttpClient.openServer(HttpClient.java:463)
        at sun.net.www.http.HttpClient.openServer(HttpClient.java:558)
        at sun.net.www.http.HttpClient.<init>(HttpClient.java:242)
        at sun.net.www.http.HttpClient.New(HttpClient.java:339)
        at sun.net.www.http.HttpClient.New(HttpClient.java:357)
        at sun.net.www.protocol.http.HttpURLConnection.getNewHttpClient(HttpURLConnection.java:1202)
        at sun.net.www.protocol.http.HttpURLConnection.plainConnect0(HttpURLConnection.java:1138)
        at sun.net.www.protocol.http.HttpURLConnection.plainConnect(HttpURLConnection.java:1032)
        at sun.net.www.protocol.http.HttpURLConnection.connect(HttpURLConnection.java:966)
        at org.springframework.http.client.SimpleBufferingClientHttpRequest.executeInternal(SimpleBufferingClientHttpRequest.java:78)
        at org.springframework.http.client.AbstractBufferingClientHttpRequest.executeInternal(AbstractBufferingClientHttpRequest.java:48)
        at org.springframework.http.client.AbstractClientHttpRequest.execute(AbstractClientHttpRequest.java:53)
        at org.springframework.web.client.RestTemplate.doExecute(RestTemplate.java:652)
        ... 26 common frames omitted

2019-06-05 11:49:57.114 ERROR 15576 --- [taskScheduler-1] xyz.elidom.agent.system.StompConnection  : org.springframework.web.client.ResourceAccessException: I/O error on GET request for "http://xlabel.qhweixun.com:9002/elidom/stomp/info": xlabel.qhweixun.com; nested exception is java.net.UnknownHostException: xlabel.qhweixun.com
2019-06-05 11:50:00.375 ERROR 15576 --- [taskScheduler-1] o.s.w.socket.sockjs.client.SockJsClient  : Initial SockJS "Info" request to server failed, url=http://xlabel.qhweixun.com:9002/elidom/stomp
